<?xml version="1.0" encoding="UTF-8"?>
<coverage generated="1627029751940" clover="3.2.0">
  <project timestamp="1627029751940" name="All files">
    <metrics statements="4" coveredstatements="4" conditionals="6" coveredconditionals="6" methods="1" coveredmethods="1" elements="11" coveredelements="11" complexity="0" loc="4" ncloc="4" packages="1" files="1" classes="1"/>
    <file name="index.js" path="/Users/erkaltufekci/Desktop/century-find/index.js">
      <metrics statements="4" coveredstatements="4" conditionals="6" coveredconditionals="6" methods="1" coveredmethods="1"/>
      <line num="2" count="10" type="cond" truecount="4" falsecount="0"/>
      <line num="3" count="8" type="cond" truecount="2" falsecount="0"/>
      <line num="4" count="6" type="stmt"/>
      <line num="6" count="1" type="stmt"/>
    </file>
  </project>
</coverage>
