{"/Users/erkaltufekci/Desktop/century-find/index.js": {"path":"/Users/erkaltufekci/Desktop/century-find/index.js","statementMap":{"0":{"start":{"line":2,"column":2},"end":{"line":2,"column":91}},"1":{"start":{"line":2,"column":46},"end":{"line":2,"column":91}},"2":{"start":{"line":3,"column":2},"end":{"line":3,"column":30}},"3":{"start":{"line":5,"column":0},"end":{"line":5,"column":28}}},"fnMap":{"0":{"name":"centuryFind","decl":{"start":{"line":1,"column":9},"end":{"line":1,"column":20}},"loc":{"start":{"line":1,"column":27},"end":{"line":4,"column":1}},"line":1}},"branchMap":{"0":{"loc":{"start":{"line":2,"column":2},"end":{"line":2,"column":91}},"type":"if","locations":[{"start":{"line":2,"column":2},"end":{"line":2,"column":91}},{"start":{"line":2,"column":2},"end":{"line":2,"column":91}}],"line":2},"1":{"loc":{"start":{"line":2,"column":6},"end":{"line":2,"column":44}},"type":"binary-expr","locations":[{"start":{"line":2,"column":6},"end":{"line":2,"column":17}},{"start":{"line":2,"column":21},"end":{"line":2,"column":44}}],"line":2}},"s":{"0":3,"1":1,"2":2,"3":1},"f":{"0":3},"b":{"0":[1,2],"1":[3,2]},"_coverageSchema":"1a1c01bbd47fc00a2c39e90264f33305004495a9","hash":"a2e51b6d073946dce1d1c8d04aed6638f1e94e1b"}
}
