{"/Users/erkaltufekci/Desktop/century-find/index.js": {"path":"/Users/erkaltufekci/Desktop/century-find/index.js","statementMap":{"0":{"start":{"line":2,"column":2},"end":{"line":2,"column":91}},"1":{"start":{"line":2,"column":46},"end":{"line":2,"column":91}},"2":{"start":{"line":3,"column":2},"end":{"line":3,"column":56}},"3":{"start":{"line":3,"column":16},"end":{"line":3,"column":56}},"4":{"start":{"line":4,"column":2},"end":{"line":4,"column":30}},"5":{"start":{"line":6,"column":0},"end":{"line":6,"column":28}}},"fnMap":{"0":{"name":"centuryFind","decl":{"start":{"line":1,"column":9},"end":{"line":1,"column":20}},"loc":{"start":{"line":1,"column":27},"end":{"line":5,"column":1}},"line":1}},"branchMap":{"0":{"loc":{"start":{"line":2,"column":2},"end":{"line":2,"column":91}},"type":"if","locations":[{"start":{"line":2,"column":2},"end":{"line":2,"column":91}},{"start":{"line":2,"column":2},"end":{"line":2,"column":91}}],"line":2},"1":{"loc":{"start":{"line":2,"column":6},"end":{"line":2,"column":44}},"type":"binary-expr","locations":[{"start":{"line":2,"column":6},"end":{"line":2,"column":17}},{"start":{"line":2,"column":21},"end":{"line":2,"column":44}}],"line":2},"2":{"loc":{"start":{"line":3,"column":2},"end":{"line":3,"column":56}},"type":"if","locations":[{"start":{"line":3,"column":2},"end":{"line":3,"column":56}},{"start":{"line":3,"column":2},"end":{"line":3,"column":56}}],"line":3}},"s":{"0":10,"1":2,"2":8,"3":2,"4":6,"5":1},"f":{"0":10},"b":{"0":[2,8],"1":[10,9],"2":[2,6]},"_coverageSchema":"1a1c01bbd47fc00a2c39e90264f33305004495a9","hash":"9867f19a485ef44dfd48ec213f139bf16633e87c"}
}
